[2018-11-01 14:07:13,589][ERROR] It is an error message - [id:10][instance:6] - [COMP-1][file-8.c][function-6][ln:654]
[2018-11-01 14:07:13,673][WARNING] Here is a warning message - [id:10][instance:1] - [COMP-7][file-3.c][function-4][ln:892]
[2018-11-01 14:07:13,803][DEBUG] any debug message - [id:10][instance:6] - [COMP-8][file-8.c][function-1][ln:89]
[2018-11-01 14:07:14,521][INFO] any info message - [id:10][instance:3] - [COMP-9][file-2.c][function-5][ln:551]
[2018-11-01 14:07:16,022][INFO] any info message - [id:10][instance:5] - [COMP-12][file-1.c][function-10][ln:329]
[2018-11-01 14:07:17,523][INFO] any info message - [id:10][instance:4] - [COMP-12][file-3.c][function-7][ln:309]
[2018-11-01 14:07:19,023][INFO] any info message - [id:10][instance:4] - [COMP-12][file-7.c][function-3][ln:557]
[2018-11-01 14:07:20,524][INFO] any info message - [id:10][instance:4] - [COMP-3][file-3.c][function-13][ln:739]
[2018-11-01 14:07:22,024][INFO] any info message - [id:10][instance:3] - [COMP-9][file-5.c][function-10][ln:964]
[2018-11-01 14:07:23,525][INFO] any info message - [id:10][instance:4] - [COMP-12][file-4.c][function-3][ln:93]
[2018-11-01 14:07:25,025][INFO] any info message - [id:10][instance:2] - [COMP-13][file-11.c][function-2][ln:614]
[2018-11-01 14:07:26,526][INFO] any info message - [id:10][instance:2] - [COMP-5][file-5.c][function-5][ln:175]
[2018-11-01 14:07:28,026][INFO] any info message - [id:10][instance:3] - [COMP-10][file-12.c][function-11][ln:210]
[2018-11-01 14:07:28,803][DEBUG] any debug message - [id:10][instance:7] - [COMP-2][file-10.c][function-4][ln:78]
[2018-11-01 14:07:29,527][INFO] any info message - [id:10][instance:5] - [COMP-9][file-3.c][function-1][ln:421]
[2018-11-01 14:07:31,028][INFO] any info message - [id:10][instance:6] - [COMP-13][file-4.c][function-3][ln:561]
[2018-11-01 14:07:32,528][INFO] any info message - [id:10][instance:1] - [COMP-10][file-12.c][function-13][ln:215]
[2018-11-01 14:07:34,029][INFO] any info message - [id:10][instance:1] - [COMP-9][file-2.c][function-9][ln:76]
[2018-11-01 14:07:35,530][INFO] any info message - [id:10][instance:7] - [COMP-4][file-5.c][function-7][ln:92]
[2018-11-01 14:07:37,031][INFO] any info message - [id:10][instance:7] - [COMP-4][file-4.c][function-6][ln:24]
[2018-11-01 14:07:38,532][INFO] any info message - [id:10][instance:1] - [COMP-10][file-13.c][function-2][ln:797]
[2018-11-01 14:07:40,032][INFO] any info message - [id:10][instance:3] - [COMP-11][file-3.c][function-6][ln:488]
[2018-11-01 14:07:41,533][INFO] any info message - [id:10][instance:4] - [COMP-9][file-10.c][function-3][ln:591]
[2018-11-01 14:07:43,034][INFO] any info message - [id:10][instance:6] - [COMP-4][file-11.c][function-3][ln:168]
[2018-11-01 14:07:43,672][WARNING] Here is a warning message - [id:10][instance:5] - [COMP-8][file-13.c][function-1][ln:142]
[2018-11-01 14:07:43,805][DEBUG] any debug message - [id:10][instance:6] - [COMP-11][file-5.c][function-6][ln:744]
[2018-11-01 14:07:44,534][INFO] any info message - [id:10][instance:1] - [COMP-2][file-12.c][function-9][ln:159]
[2018-11-01 14:07:46,035][INFO] any info message - [id:10][instance:2] - [COMP-7][file-5.c][function-5][ln:108]
[2018-11-01 14:07:47,535][INFO] any info message - [id:10][instance:6] - [COMP-5][file-5.c][function-2][ln:94]
[2018-11-01 14:07:49,036][INFO] any info message - [id:10][instance:5] - [COMP-7][file-8.c][function-1][ln:776]
[2018-11-01 14:07:50,537][INFO] any info message - [id:10][instance:4] - [COMP-12][file-2.c][function-5][ln:525]
[2018-11-01 14:07:52,037][INFO] any info message - [id:10][instance:6] - [COMP-9][file-8.c][function-8][ln:729]
[2018-11-01 14:07:53,537][INFO] any info message - [id:10][instance:4] - [COMP-11][file-2.c][function-7][ln:420]
[2018-11-01 14:07:55,039][INFO] any info message - [id:10][instance:3] - [COMP-12][file-6.c][function-7][ln:175]
[2018-11-01 14:07:56,539][INFO] any info message - [id:10][instance:1] - [COMP-2][file-10.c][function-11][ln:802]
[2018-11-01 14:07:58,040][INFO] any info message - [id:10][instance:1] - [COMP-12][file-5.c][function-6][ln:172]
[2018-11-01 14:07:58,805][DEBUG] any debug message - [id:10][instance:3] - [COMP-4][file-3.c][function-13][ln:305]
[2018-11-01 14:07:59,541][INFO] any info message - [id:10][instance:6] - [COMP-6][file-10.c][function-6][ln:819]
[2018-11-01 14:08:01,041][INFO] any info message - [id:10][instance:4] - [COMP-7][file-12.c][function-12][ln:640]
[2018-11-01 14:08:02,542][INFO] any info message - [id:10][instance:7] - [COMP-13][file-4.c][function-13][ln:507]
[2018-11-01 14:08:04,043][INFO] any info message - [id:10][instance:2] - [COMP-6][file-8.c][function-10][ln:882]
[2018-11-01 14:08:05,543][INFO] any info message - [id:10][instance:6] - [COMP-11][file-6.c][function-9][ln:863]
[2018-11-01 14:08:07,044][INFO] any info message - [id:10][instance:2] - [COMP-7][file-5.c][function-4][ln:996]
[2018-11-01 14:08:08,544][INFO] any info message - [id:10][instance:7] - [COMP-10][file-13.c][function-6][ln:876]
[2018-11-01 14:08:10,045][INFO] any info message - [id:10][instance:2] - [COMP-2][file-9.c][function-13][ln:858]
[2018-11-01 14:08:11,545][INFO] any info message - [id:10][instance:3] - [COMP-5][file-12.c][function-2][ln:417]
[2018-11-01 14:08:13,045][INFO] any info message - [id:10][instance:2] - [COMP-10][file-9.c][function-12][ln:429]
[2018-11-01 14:08:13,591][ERROR] It is an error message - [id:10][instance:4] - [COMP-12][file-3.c][function-9][ln:493]
[2018-11-01 14:08:13,598][CRITICAL] ATTENTION: This is a critical issue! - [id:10][instance:3] - [COMP-10][file-4.c][function-6][ln:868]
[2018-11-01 14:08:13,673][WARNING] Here is a warning message - [id:10][instance:2] - [COMP-9][file-11.c][function-3][ln:654]
[2018-11-01 14:08:13,805][DEBUG] any debug message - [id:10][instance:4] - [COMP-7][file-8.c][function-10][ln:996]
[2018-11-01 14:08:14,546][INFO] any info message - [id:10][instance:4] - [COMP-6][file-9.c][function-3][ln:303]
[2018-11-01 14:08:16,047][INFO] any info message - [id:10][instance:4] - [COMP-2][file-6.c][function-6][ln:169]
[2018-11-01 14:08:17,547][INFO] any info message - [id:10][instance:2] - [COMP-11][file-7.c][function-5][ln:243]
[2018-11-01 14:08:19,048][INFO] any info message - [id:10][instance:2] - [COMP-4][file-3.c][function-8][ln:149]
[2018-11-01 14:08:20,550][INFO] any info message - [id:10][instance:1] - [COMP-5][file-4.c][function-10][ln:18]
[2018-11-01 14:08:22,051][INFO] any info message - [id:10][instance:3] - [COMP-2][file-9.c][function-8][ln:952]
[2018-11-01 14:08:23,553][INFO] any info message - [id:10][instance:7] - [COMP-5][file-2.c][function-3][ln:913]
[2018-11-01 14:08:25,052][INFO] any info message - [id:10][instance:6] - [COMP-1][file-10.c][function-13][ln:317]
[2018-11-01 14:08:26,553][INFO] any info message - [id:10][instance:4] - [COMP-2][file-4.c][function-6][ln:502]
[2018-11-01 14:08:28,054][INFO] any info message - [id:10][instance:5] - [COMP-6][file-7.c][function-13][ln:469]
[2018-11-01 14:08:28,805][DEBUG] any debug message - [id:10][instance:5] - [COMP-8][file-4.c][function-3][ln:142]
[2018-11-01 14:08:29,554][INFO] any info message - [id:10][instance:4] - [COMP-5][file-5.c][function-6][ln:563]
[2018-11-01 14:08:31,054][INFO] any info message - [id:10][instance:1] - [COMP-5][file-6.c][function-2][ln:641]
[2018-11-01 14:08:32,555][INFO] any info message - [id:10][instance:4] - [COMP-1][file-8.c][function-10][ln:389]
[2018-11-01 14:08:34,055][INFO] any info message - [id:10][instance:2] - [COMP-9][file-4.c][function-7][ln:185]
[2018-11-01 14:08:35,556][INFO] any info message - [id:10][instance:3] - [COMP-7][file-13.c][function-12][ln:548]
[2018-11-01 14:08:37,056][INFO] any info message - [id:10][instance:4] - [COMP-13][file-2.c][function-3][ln:42]
[2018-11-01 14:08:38,557][INFO] any info message - [id:10][instance:2] - [COMP-1][file-7.c][function-2][ln:43]
[2018-11-01 14:08:40,058][INFO] any info message - [id:10][instance:1] - [COMP-1][file-5.c][function-9][ln:865]
[2018-11-01 14:08:41,558][INFO] any info message - [id:10][instance:7] - [COMP-5][file-1.c][function-12][ln:964]
[2018-11-01 14:08:43,059][INFO] any info message - [id:10][instance:4] - [COMP-8][file-4.c][function-10][ln:878]
[2018-11-01 14:08:43,674][WARNING] Here is a warning message - [id:10][instance:5] - [COMP-6][file-2.c][function-1][ln:237]
[2018-11-01 14:08:43,806][DEBUG] any debug message - [id:10][instance:3] - [COMP-8][file-10.c][function-8][ln:593]
[2018-11-01 14:08:44,559][INFO] any info message - [id:10][instance:7] - [COMP-8][file-10.c][function-12][ln:414]
[2018-11-01 14:08:46,059][INFO] any info message - [id:10][instance:2] - [COMP-4][file-8.c][function-10][ln:841]
[2018-11-01 14:08:47,559][INFO] any info message - [id:10][instance:7] - [COMP-3][file-10.c][function-13][ln:294]
[2018-11-01 14:08:49,059][INFO] any info message - [id:10][instance:1] - [COMP-7][file-7.c][function-8][ln:87]
[2018-11-01 14:08:50,561][INFO] any info message - [id:10][instance:6] - [COMP-13][file-1.c][function-10][ln:319]
[2018-11-01 14:08:52,062][INFO] any info message - [id:10][instance:7] - [COMP-2][file-11.c][function-7][ln:752]
[2018-11-01 14:08:53,563][INFO] any info message - [id:10][instance:2] - [COMP-11][file-6.c][function-6][ln:199]
[2018-11-01 14:08:55,064][INFO] any info message - [id:10][instance:6] - [COMP-5][file-9.c][function-11][ln:955]
[2018-11-01 14:08:56,564][INFO] any info message - [id:10][instance:5] - [COMP-11][file-3.c][function-7][ln:209]
[2018-11-01 14:08:58,064][INFO] any info message - [id:10][instance:5] - [COMP-9][file-4.c][function-13][ln:350]
[2018-11-01 14:08:58,807][DEBUG] any debug message - [id:10][instance:1] - [COMP-8][file-5.c][function-3][ln:499]
[2018-11-01 14:08:59,564][INFO] any info message - [id:10][instance:6] - [COMP-8][file-5.c][function-7][ln:278]
[2018-11-01 14:09:01,065][INFO] any info message - [id:10][instance:3] - [COMP-4][file-4.c][function-10][ln:19]
[2018-11-01 14:09:02,567][INFO] any info message - [id:10][instance:5] - [COMP-11][file-7.c][function-4][ln:385]
[2018-11-01 14:09:04,067][INFO] any info message - [id:10][instance:1] - [COMP-3][file-4.c][function-9][ln:217]
[2018-11-01 14:09:05,567][INFO] any info message - [id:10][instance:3] - [COMP-6][file-12.c][function-13][ln:955]
[2018-11-01 14:09:07,067][INFO] any info message - [id:10][instance:2] - [COMP-9][file-3.c][function-8][ln:926]
[2018-11-01 14:09:08,567][INFO] any info message - [id:10][instance:5] - [COMP-11][file-13.c][function-4][ln:970]
[2018-11-01 14:09:10,068][INFO] any info message - [id:10][instance:2] - [COMP-3][file-4.c][function-8][ln:308]
[2018-11-01 14:09:11,569][INFO] any info message - [id:10][instance:1] - [COMP-8][file-10.c][function-7][ln:735]
[2018-11-01 14:09:13,069][INFO] any info message - [id:10][instance:4] - [COMP-11][file-9.c][function-3][ln:208]
[2018-11-01 14:09:13,591][ERROR] It is an error message - [id:10][instance:1] - [COMP-4][file-10.c][function-1][ln:127]
[2018-11-01 14:09:13,674][WARNING] Here is a warning message - [id:10][instance:3] - [COMP-3][file-7.c][function-7][ln:777]
[2018-11-01 14:09:13,807][DEBUG] any debug message - [id:10][instance:5] - [COMP-3][file-11.c][function-8][ln:645]
[2018-11-01 14:09:14,571][INFO] any info message - [id:10][instance:1] - [COMP-3][file-4.c][function-10][ln:811]
[2018-11-01 14:09:16,071][INFO] any info message - [id:10][instance:1] - [COMP-12][file-13.c][function-5][ln:843]
[2018-11-01 14:09:17,572][INFO] any info message - [id:10][instance:4] - [COMP-10][file-11.c][function-12][ln:109]
[2018-11-01 14:09:19,072][INFO] any info message - [id:10][instance:7] - [COMP-4][file-12.c][function-8][ln:460]
[2018-11-01 14:09:20,573][INFO] any info message - [id:10][instance:3] - [COMP-3][file-6.c][function-7][ln:238]
[2018-11-01 14:09:22,074][INFO] any info message - [id:10][instance:3] - [COMP-7][file-7.c][function-4][ln:477]
[2018-11-01 14:09:23,575][INFO] any info message - [id:10][instance:1] - [COMP-4][file-9.c][function-7][ln:659]
[2018-11-01 14:09:25,075][INFO] any info message - [id:10][instance:3] - [COMP-8][file-4.c][function-10][ln:735]
[2018-11-01 14:09:26,575][INFO] any info message - [id:10][instance:4] - [COMP-4][file-4.c][function-1][ln:574]
[2018-11-01 14:09:28,075][INFO] any info message - [id:10][instance:3] - [COMP-11][file-6.c][function-2][ln:148]
[2018-11-01 14:09:28,807][DEBUG] any debug message - [id:10][instance:7] - [COMP-10][file-5.c][function-11][ln:396]
[2018-11-01 14:09:29,576][INFO] any info message - [id:10][instance:5] - [COMP-5][file-1.c][function-8][ln:597]
[2018-11-01 14:09:31,077][INFO] any info message - [id:10][instance:7] - [COMP-7][file-10.c][function-8][ln:389]
[2018-11-01 14:09:32,578][INFO] any info message - [id:10][instance:4] - [COMP-9][file-1.c][function-3][ln:700]
[2018-11-01 14:09:34,078][INFO] any info message - [id:10][instance:6] - [COMP-12][file-12.c][function-8][ln:149]
[2018-11-01 14:09:35,578][INFO] any info message - [id:10][instance:7] - [COMP-1][file-1.c][function-9][ln:865]
[2018-11-01 14:09:37,079][INFO] any info message - [id:10][instance:6] - [COMP-7][file-6.c][function-6][ln:590]
[2018-11-01 14:09:38,580][INFO] any info message - [id:10][instance:7] - [COMP-12][file-11.c][function-9][ln:327]
[2018-11-01 14:09:40,081][INFO] any info message - [id:10][instance:6] - [COMP-4][file-1.c][function-10][ln:456]
[2018-11-01 14:09:41,583][INFO] any info message - [id:10][instance:7] - [COMP-10][file-11.c][function-10][ln:902]
[2018-11-01 14:09:43,083][INFO] any info message - [id:10][instance:1] - [COMP-4][file-3.c][function-8][ln:518]
[2018-11-01 14:09:43,675][WARNING] Here is a warning message - [id:10][instance:5] - [COMP-3][file-4.c][function-4][ln:927]
[2018-11-01 14:09:43,808][DEBUG] any debug message - [id:10][instance:1] - [COMP-10][file-7.c][function-4][ln:715]
[2018-11-01 14:09:44,584][INFO] any info message - [id:10][instance:6] - [COMP-10][file-13.c][function-12][ln:150]
[2018-11-01 14:09:46,085][INFO] any info message - [id:10][instance:1] - [COMP-11][file-13.c][function-8][ln:863]
[2018-11-01 14:09:47,586][INFO] any info message - [id:10][instance:6] - [COMP-8][file-2.c][function-8][ln:678]
[2018-11-01 14:09:49,086][INFO] any info message - [id:10][instance:2] - [COMP-13][file-13.c][function-3][ln:814]
[2018-11-01 14:09:50,587][INFO] any info message - [id:10][instance:7] - [COMP-7][file-3.c][function-6][ln:997]
[2018-11-01 14:09:52,087][INFO] any info message - [id:10][instance:6] - [COMP-8][file-6.c][function-4][ln:343]
[2018-11-01 14:09:53,588][INFO] any info message - [id:10][instance:1] - [COMP-10][file-8.c][function-13][ln:392]
[2018-11-01 14:09:55,089][INFO] any info message - [id:10][instance:6] - [COMP-4][file-3.c][function-5][ln:488]
[2018-11-01 14:09:56,589][INFO] any info message - [id:10][instance:3] - [COMP-7][file-3.c][function-12][ln:672]
[2018-11-01 14:09:58,090][INFO] any info message - [id:10][instance:5] - [COMP-4][file-11.c][function-9][ln:717]
[2018-11-01 14:09:58,809][DEBUG] any debug message - [id:10][instance:6] - [COMP-11][file-6.c][function-12][ln:65]
[2018-11-01 14:09:59,591][INFO] any info message - [id:10][instance:3] - [COMP-11][file-5.c][function-11][ln:761]
[2018-11-01 14:10:01,092][INFO] any info message - [id:10][instance:4] - [COMP-12][file-7.c][function-3][ln:271]
[2018-11-01 14:10:02,594][INFO] any info message - [id:10][instance:3] - [COMP-11][file-12.c][function-3][ln:17]
[2018-11-01 14:10:04,094][INFO] any info message - [id:10][instance:4] - [COMP-3][file-4.c][function-3][ln:874]
[2018-11-01 14:10:05,595][INFO] any info message - [id:10][instance:7] - [COMP-5][file-12.c][function-7][ln:820]
[2018-11-01 14:10:07,096][INFO] any info message - [id:10][instance:6] - [COMP-13][file-12.c][function-4][ln:890]
[2018-11-01 14:10:08,596][INFO] any info message - [id:10][instance:3] - [COMP-6][file-6.c][function-12][ln:236]
[2018-11-01 14:10:10,096][INFO] any info message - [id:10][instance:7] - [COMP-1][file-3.c][function-4][ln:573]
[2018-11-01 14:10:11,597][INFO] any info message - [id:10][instance:1] - [COMP-4][file-3.c][function-9][ln:362]
[2018-11-01 14:10:13,098][INFO] any info message - [id:10][instance:2] - [COMP-4][file-2.c][function-9][ln:752]
[2018-11-01 14:10:13,591][ERROR] It is an error message - [id:10][instance:4] - [COMP-5][file-8.c][function-2][ln:159]
[2018-11-01 14:10:13,598][CRITICAL] ATTENTION: This is a critical issue! - [id:10][instance:3] - [COMP-1][file-6.c][function-6][ln:834]
[2018-11-01 14:10:13,676][WARNING] Here is a warning message - [id:10][instance:4] - [COMP-1][file-6.c][function-5][ln:286]
[2018-11-01 14:10:13,810][DEBUG] any debug message - [id:10][instance:7] - [COMP-1][file-8.c][function-13][ln:987]
[2018-11-01 14:10:14,599][INFO] any info message - [id:10][instance:2] - [COMP-10][file-5.c][function-10][ln:255]
[2018-11-01 14:10:16,099][INFO] any info message - [id:10][instance:4] - [COMP-12][file-12.c][function-4][ln:862]
[2018-11-01 14:10:17,600][INFO] any info message - [id:10][instance:6] - [COMP-11][file-4.c][function-6][ln:546]
[2018-11-01 14:10:19,100][INFO] any info message - [id:10][instance:3] - [COMP-9][file-4.c][function-12][ln:557]
[2018-11-01 14:10:20,600][INFO] any info message - [id:10][instance:7] - [COMP-12][file-2.c][function-6][ln:322]
[2018-11-01 14:10:22,102][INFO] any info message - [id:10][instance:3] - [COMP-2][file-12.c][function-6][ln:32]
[2018-11-01 14:10:23,602][INFO] any info message - [id:10][instance:5] - [COMP-10][file-13.c][function-1][ln:510]
[2018-11-01 14:10:25,103][INFO] any info message - [id:10][instance:2] - [COMP-4][file-12.c][function-11][ln:527]
[2018-11-01 14:10:26,603][INFO] any info message - [id:10][instance:5] - [COMP-11][file-2.c][function-2][ln:701]
[2018-11-01 14:10:28,105][INFO] any info message - [id:10][instance:1] - [COMP-8][file-7.c][function-3][ln:973]
[2018-11-01 14:10:28,810][DEBUG] any debug message - [id:10][instance:2] - [COMP-12][file-1.c][function-12][ln:585]
[2018-11-01 14:10:29,606][INFO] any info message - [id:10][instance:1] - [COMP-11][file-10.c][function-2][ln:292]
[2018-11-01 14:10:31,106][INFO] any info message - [id:10][instance:4] - [COMP-3][file-13.c][function-8][ln:659]
[2018-11-01 14:10:32,606][INFO] any info message - [id:10][instance:5] - [COMP-5][file-4.c][function-3][ln:511]
[2018-11-01 14:10:34,107][INFO] any info message - [id:10][instance:5] - [COMP-7][file-13.c][function-1][ln:948]
[2018-11-01 14:10:35,608][INFO] any info message - [id:10][instance:1] - [COMP-3][file-2.c][function-7][ln:409]
[2018-11-01 14:10:37,109][INFO] any info message - [id:10][instance:1] - [COMP-12][file-11.c][function-3][ln:670]
[2018-11-01 14:10:38,610][INFO] any info message - [id:10][instance:4] - [COMP-1][file-9.c][function-11][ln:454]
[2018-11-01 14:10:40,110][INFO] any info message - [id:10][instance:6] - [COMP-13][file-1.c][function-13][ln:422]
[2018-11-01 14:10:41,611][INFO] any info message - [id:10][instance:6] - [COMP-6][file-13.c][function-3][ln:641]
[2018-11-01 14:10:43,111][INFO] any info message - [id:10][instance:2] - [COMP-5][file-7.c][function-10][ln:472]
[2018-11-01 14:10:43,677][WARNING] Here is a warning message - [id:10][instance:4] - [COMP-11][file-12.c][function-6][ln:710]
[2018-11-01 14:10:43,810][DEBUG] any debug message - [id:10][instance:7] - [COMP-6][file-2.c][function-8][ln:313]
[2018-11-01 14:10:44,611][INFO] any info message - [id:10][instance:1] - [COMP-13][file-6.c][function-11][ln:62]
[2018-11-01 14:10:46,112][INFO] any info message - [id:10][instance:2] - [COMP-1][file-5.c][function-6][ln:315]
[2018-11-01 14:10:47,613][INFO] any info message - [id:10][instance:7] - [COMP-1][file-3.c][function-6][ln:991]
[2018-11-01 14:10:49,113][INFO] any info message - [id:10][instance:4] - [COMP-7][file-11.c][function-7][ln:586]
[2018-11-01 14:10:50,614][INFO] any info message - [id:10][instance:2] - [COMP-11][file-4.c][function-8][ln:787]
[2018-11-01 14:10:52,114][INFO] any info message - [id:10][instance:4] - [COMP-1][file-9.c][function-4][ln:177]
[2018-11-01 14:10:53,615][INFO] any info message - [id:10][instance:4] - [COMP-8][file-1.c][function-1][ln:201]
[2018-11-01 14:10:55,116][INFO] any info message - [id:10][instance:5] - [COMP-9][file-8.c][function-6][ln:70]
[2018-11-01 14:10:56,617][INFO] any info message - [id:10][instance:6] - [COMP-13][file-13.c][function-6][ln:431]
[2018-11-01 14:10:58,118][INFO] any info message - [id:10][instance:1] - [COMP-10][file-12.c][function-8][ln:347]
[2018-11-01 14:10:58,811][DEBUG] any debug message - [id:10][instance:4] - [COMP-12][file-4.c][function-11][ln:873]
[2018-11-01 14:10:59,618][INFO] any info message - [id:10][instance:3] - [COMP-9][file-1.c][function-7][ln:874]
[2018-11-01 14:11:01,118][INFO] any info message - [id:10][instance:5] - [COMP-12][file-4.c][function-9][ln:550]
[2018-11-01 14:11:02,619][INFO] any info message - [id:10][instance:6] - [COMP-6][file-5.c][function-1][ln:373]
[2018-11-01 14:11:04,119][INFO] any info message - [id:10][instance:7] - [COMP-1][file-11.c][function-10][ln:28]
[2018-11-01 14:11:05,619][INFO] any info message - [id:10][instance:7] - [COMP-6][file-4.c][function-6][ln:663]
[2018-11-01 14:11:07,120][INFO] any info message - [id:10][instance:6] - [COMP-13][file-11.c][function-10][ln:442]
[2018-11-01 14:11:08,621][INFO] any info message - [id:10][instance:1] - [COMP-5][file-12.c][function-2][ln:586]
[2018-11-01 14:11:10,121][INFO] any info message - [id:10][instance:4] - [COMP-5][file-10.c][function-3][ln:850]
[2018-11-01 14:11:11,622][INFO] any info message - [id:10][instance:2] - [COMP-5][file-2.c][function-11][ln:867]
[2018-11-01 14:11:13,123][INFO] any info message - [id:10][instance:7] - [COMP-12][file-1.c][function-5][ln:536]
[2018-11-01 14:11:13,593][ERROR] It is an error message - [id:10][instance:3] - [COMP-6][file-10.c][function-3][ln:770]
[2018-11-01 14:11:13,678][WARNING] Here is a warning message - [id:10][instance:7] - [COMP-6][file-3.c][function-4][ln:749]
[2018-11-01 14:11:13,812][DEBUG] any debug message - [id:10][instance:1] - [COMP-1][file-5.c][function-7][ln:142]
[2018-11-01 14:11:14,623][INFO] any info message - [id:10][instance:5] - [COMP-12][file-10.c][function-10][ln:426]
[2018-11-01 14:11:16,124][INFO] any info message - [id:10][instance:7] - [COMP-1][file-10.c][function-9][ln:319]
[2018-11-01 14:11:17,625][INFO] any info message - [id:10][instance:1] - [COMP-11][file-9.c][function-12][ln:802]
[2018-11-01 14:11:19,125][INFO] any info message - [id:10][instance:2] - [COMP-13][file-2.c][function-10][ln:587]
[2018-11-01 14:11:20,627][INFO] any info message - [id:10][instance:6] - [COMP-3][file-2.c][function-7][ln:554]
[2018-11-01 14:11:22,127][INFO] any info message - [id:10][instance:2] - [COMP-2][file-2.c][function-11][ln:63]
[2018-11-01 14:11:23,627][INFO] any info message - [id:10][instance:3] - [COMP-3][file-11.c][function-8][ln:736]
[2018-11-01 14:11:25,128][INFO] any info message - [id:10][instance:5] - [COMP-2][file-2.c][function-3][ln:612]
[2018-11-01 14:11:26,628][INFO] any info message - [id:10][instance:6] - [COMP-1][file-3.c][function-13][ln:122]
[2018-11-01 14:11:28,129][INFO] any info message - [id:10][instance:5] - [COMP-3][file-2.c][function-8][ln:163]
[2018-11-01 14:11:28,812][DEBUG] any debug message - [id:10][instance:6] - [COMP-1][file-11.c][function-7][ln:686]
[2018-11-01 14:11:29,630][INFO] any info message - [id:10][instance:1] - [COMP-6][file-3.c][function-3][ln:106]
[2018-11-01 14:11:31,130][INFO] any info message - [id:10][instance:4] - [COMP-6][file-7.c][function-7][ln:132]
[2018-11-01 14:11:32,630][INFO] any info message - [id:10][instance:1] - [COMP-7][file-7.c][function-8][ln:464]
[2018-11-01 14:11:34,130][INFO] any info message - [id:10][instance:6] - [COMP-6][file-12.c][function-1][ln:250]
[2018-11-01 14:11:35,630][INFO] any info message - [id:10][instance:4] - [COMP-4][file-3.c][function-10][ln:745]
[2018-11-01 14:11:37,131][INFO] any info message - [id:10][instance:5] - [COMP-1][file-12.c][function-2][ln:20]
[2018-11-01 14:11:38,632][INFO] any info message - [id:10][instance:1] - [COMP-6][file-8.c][function-7][ln:247]
[2018-11-01 14:11:40,133][INFO] any info message - [id:10][instance:2] - [COMP-12][file-8.c][function-10][ln:409]
[2018-11-01 14:11:41,633][INFO] any info message - [id:10][instance:5] - [COMP-6][file-8.c][function-13][ln:571]
[2018-11-01 14:11:43,134][INFO] any info message - [id:10][instance:6] - [COMP-11][file-4.c][function-4][ln:537]
[2018-11-01 14:11:43,678][WARNING] Here is a warning message - [id:10][instance:2] - [COMP-7][file-11.c][function-5][ln:971]
[2018-11-01 14:11:43,812][DEBUG] any debug message - [id:10][instance:6] - [COMP-12][file-11.c][function-6][ln:747]
[2018-11-01 14:11:44,635][INFO] any info message - [id:10][instance:1] - [COMP-12][file-8.c][function-1][ln:134]
[2018-11-01 14:11:46,136][INFO] any info message - [id:10][instance:7] - [COMP-9][file-11.c][function-6][ln:49]
[2018-11-01 14:11:47,638][INFO] any info message - [id:10][instance:7] - [COMP-9][file-13.c][function-11][ln:116]
[2018-11-01 14:11:49,138][INFO] any info message - [id:10][instance:5] - [COMP-4][file-9.c][function-11][ln:572]
[2018-11-01 14:11:50,638][INFO] any info message - [id:10][instance:6] - [COMP-6][file-13.c][function-5][ln:210]
[2018-11-01 14:11:52,139][INFO] any info message - [id:10][instance:7] - [COMP-11][file-6.c][function-8][ln:964]
[2018-11-01 14:11:53,641][INFO] any info message - [id:10][instance:5] - [COMP-3][file-7.c][function-1][ln:629]
[2018-11-01 14:11:55,141][INFO] any info message - [id:10][instance:3] - [COMP-5][file-2.c][function-12][ln:328]
[2018-11-01 14:11:56,641][INFO] any info message - [id:10][instance:7] - [COMP-11][file-3.c][function-8][ln:771]
[2018-11-01 14:11:58,142][INFO] any info message - [id:10][instance:7] - [COMP-4][file-12.c][function-3][ln:662]
[2018-11-01 14:11:58,813][DEBUG] any debug message - [id:10][instance:7] - [COMP-12][file-7.c][function-8][ln:328]
[2018-11-01 14:11:59,643][INFO] any info message - [id:10][instance:1] - [COMP-5][file-3.c][function-11][ln:424]
[2018-11-01 14:12:01,144][INFO] any info message - [id:10][instance:3] - [COMP-1][file-10.c][function-12][ln:893]
[2018-11-01 14:12:02,644][INFO] any info message - [id:10][instance:6] - [COMP-1][file-3.c][function-11][ln:366]
[2018-11-01 14:12:04,144][INFO] any info message - [id:10][instance:7] - [COMP-2][file-13.c][function-9][ln:636]
[2018-11-01 14:12:05,645][INFO] any info message - [id:10][instance:1] - [COMP-11][file-4.c][function-12][ln:72]
[2018-11-01 14:12:07,145][INFO] any info message - [id:10][instance:4] - [COMP-7][file-5.c][function-3][ln:739]
[2018-11-01 14:12:08,646][INFO] any info message - [id:10][instance:5] - [COMP-4][file-2.c][function-9][ln:722]
[2018-11-01 14:12:10,147][INFO] any info message - [id:10][instance:5] - [COMP-8][file-13.c][function-5][ln:817]
[2018-11-01 14:12:11,647][INFO] any info message - [id:10][instance:4] - [COMP-9][file-13.c][function-13][ln:306]
[2018-11-01 14:12:13,148][INFO] any info message - [id:10][instance:7] - [COMP-9][file-3.c][function-9][ln:533]
[2018-11-01 14:12:13,593][ERROR] It is an error message - [id:10][instance:7] - [COMP-2][file-10.c][function-13][ln:12]
[2018-11-01 14:12:13,598][CRITICAL] ATTENTION: This is a critical issue! - [id:10][instance:2] - [COMP-4][file-13.c][function-9][ln:784]
[2018-11-01 14:12:13,679][WARNING] Here is a warning message - [id:10][instance:6] - [COMP-4][file-12.c][function-3][ln:276]
[2018-11-01 14:12:13,813][DEBUG] any debug message - [id:10][instance:5] - [COMP-3][file-10.c][function-6][ln:543]
[2018-11-01 14:12:14,649][INFO] any info message - [id:10][instance:6] - [COMP-10][file-9.c][function-4][ln:234]
[2018-11-01 14:12:16,149][INFO] any info message - [id:10][instance:5] - [COMP-4][file-1.c][function-1][ln:763]
[2018-11-01 14:12:17,650][INFO] any info message - [id:10][instance:2] - [COMP-2][file-11.c][function-10][ln:298]
[2018-11-01 14:12:19,150][INFO] any info message - [id:10][instance:6] - [COMP-7][file-6.c][function-5][ln:350]
[2018-11-01 14:12:20,650][INFO] any info message - [id:10][instance:5] - [COMP-1][file-6.c][function-10][ln:857]
[2018-11-01 14:12:22,151][INFO] any info message - [id:10][instance:5] - [COMP-4][file-7.c][function-11][ln:455]
[2018-11-01 14:12:23,652][INFO] any info message - [id:10][instance:5] - [COMP-10][file-10.c][function-12][ln:542]
[2018-11-01 14:12:25,153][INFO] any info message - [id:10][instance:6] - [COMP-3][file-13.c][function-13][ln:657]
[2018-11-01 14:12:26,654][INFO] any info message - [id:10][instance:1] - [COMP-6][file-10.c][function-8][ln:182]
[2018-11-01 14:12:28,155][INFO] any info message - [id:10][instance:1] - [COMP-5][file-3.c][function-9][ln:591]
[2018-11-01 14:12:28,814][DEBUG] any debug message - [id:10][instance:3] - [COMP-4][file-7.c][function-7][ln:234]
[2018-11-01 14:12:29,656][INFO] any info message - [id:10][instance:1] - [COMP-12][file-5.c][function-2][ln:575]
[2018-11-01 14:12:31,156][INFO] any info message - [id:10][instance:5] - [COMP-9][file-5.c][function-13][ln:858]
[2018-11-01 14:12:32,657][INFO] any info message - [id:10][instance:6] - [COMP-9][file-4.c][function-12][ln:244]
[2018-11-01 14:12:34,157][INFO] any info message - [id:10][instance:2] - [COMP-6][file-3.c][function-9][ln:594]
[2018-11-01 14:12:35,658][INFO] any info message - [id:10][instance:4] - [COMP-10][file-10.c][function-9][ln:740]
[2018-11-01 14:12:37,158][INFO] any info message - [id:10][instance:5] - [COMP-12][file-6.c][function-5][ln:136]
[2018-11-01 14:12:38,660][INFO] any info message - [id:10][instance:6] - [COMP-7][file-9.c][function-13][ln:256]
[2018-11-01 14:12:40,160][INFO] any info message - [id:10][instance:5] - [COMP-5][file-9.c][function-4][ln:772]
[2018-11-01 14:12:41,661][INFO] any info message - [id:10][instance:7] - [COMP-8][file-13.c][function-6][ln:491]
[2018-11-01 14:12:43,161][INFO] any info message - [id:10][instance:3] - [COMP-5][file-7.c][function-13][ln:105]
[2018-11-01 14:12:43,679][WARNING] Here is a warning message - [id:10][instance:7] - [COMP-5][file-3.c][function-5][ln:86]
[2018-11-01 14:12:43,814][DEBUG] any debug message - [id:10][instance:5] - [COMP-11][file-1.c][function-3][ln:604]
[2018-11-01 14:12:44,661][INFO] any info message - [id:10][instance:7] - [COMP-8][file-10.c][function-12][ln:63]
[2018-11-01 14:12:46,162][INFO] any info message - [id:10][instance:5] - [COMP-10][file-8.c][function-12][ln:65]
[2018-11-01 14:12:47,663][INFO] any info message - [id:10][instance:4] - [COMP-2][file-6.c][function-1][ln:94]
[2018-11-01 14:12:49,163][INFO] any info message - [id:10][instance:7] - [COMP-10][file-13.c][function-5][ln:789]
[2018-11-01 14:12:50,663][INFO] any info message - [id:10][instance:7] - [COMP-11][file-8.c][function-4][ln:872]
[2018-11-01 14:12:52,164][INFO] any info message - [id:10][instance:3] - [COMP-4][file-1.c][function-3][ln:957]
[2018-11-01 14:12:53,664][INFO] any info message - [id:10][instance:4] - [COMP-11][file-3.c][function-10][ln:122]
[2018-11-01 14:12:55,164][INFO] any info message - [id:10][instance:4] - [COMP-3][file-12.c][function-6][ln:476]
[2018-11-01 14:12:56,665][INFO] any info message - [id:10][instance:3] - [COMP-7][file-11.c][function-10][ln:957]
[2018-11-01 14:12:58,166][INFO] any info message - [id:10][instance:5] - [COMP-2][file-4.c][function-1][ln:444]
[2018-11-01 14:12:58,815][DEBUG] any debug message - [id:10][instance:1] - [COMP-8][file-1.c][function-11][ln:349]
[2018-11-01 14:12:59,667][INFO] any info message - [id:10][instance:3] - [COMP-2][file-3.c][function-2][ln:593]
[2018-11-01 14:13:01,168][INFO] any info message - [id:10][instance:2] - [COMP-2][file-7.c][function-6][ln:821]
[2018-11-01 14:13:02,668][INFO] any info message - [id:10][instance:5] - [COMP-12][file-1.c][function-5][ln:68]
[2018-11-01 14:13:04,169][INFO] any info message - [id:10][instance:5] - [COMP-4][file-4.c][function-9][ln:133]
[2018-11-01 14:13:05,669][INFO] any info message - [id:10][instance:1] - [COMP-8][file-8.c][function-1][ln:157]
[2018-11-01 14:13:07,169][INFO] any info message - [id:10][instance:6] - [COMP-4][file-3.c][function-1][ln:757]
[2018-11-01 14:13:08,670][INFO] any info message - [id:10][instance:7] - [COMP-2][file-12.c][function-6][ln:791]
[2018-11-01 14:13:10,170][INFO] any info message - [id:10][instance:7] - [COMP-11][file-3.c][function-12][ln:700]
[2018-11-01 14:13:11,671][INFO] any info message - [id:10][instance:7] - [COMP-12][file-4.c][function-11][ln:668]
[2018-11-01 14:13:13,171][INFO] any info message - [id:10][instance:4] - [COMP-13][file-8.c][function-7][ln:343]
[2018-11-01 14:13:13,593][ERROR] It is an error message - [id:10][instance:2] - [COMP-10][file-10.c][function-11][ln:809]
[2018-11-01 14:13:13,680][WARNING] Here is a warning message - [id:10][instance:3] - [COMP-7][file-6.c][function-3][ln:601]
[2018-11-01 14:13:13,815][DEBUG] any debug message - [id:10][instance:2] - [COMP-4][file-3.c][function-6][ln:110]
[2018-11-01 14:13:14,672][INFO] any info message - [id:10][instance:6] - [COMP-12][file-7.c][function-10][ln:123]
[2018-11-01 14:13:16,172][INFO] any info message - [id:10][instance:5] - [COMP-2][file-4.c][function-2][ln:324]
[2018-11-01 14:13:17,673][INFO] any info message - [id:10][instance:1] - [COMP-10][file-10.c][function-10][ln:373]
[2018-11-01 14:13:19,174][INFO] any info message - [id:10][instance:6] - [COMP-1][file-1.c][function-2][ln:627]
[2018-11-01 14:13:20,674][INFO] any info message - [id:10][instance:3] - [COMP-8][file-6.c][function-4][ln:622]
[2018-11-01 14:13:22,175][INFO] any info message - [id:10][instance:2] - [COMP-10][file-13.c][function-9][ln:288]
[2018-11-01 14:13:23,676][INFO] any info message - [id:10][instance:5] - [COMP-7][file-5.c][function-5][ln:439]
[2018-11-01 14:13:25,177][INFO] any info message - [id:10][instance:3] - [COMP-3][file-9.c][function-4][ln:903]
[2018-11-01 14:13:26,678][INFO] any info message - [id:10][instance:4] - [COMP-11][file-6.c][function-11][ln:788]
[2018-11-01 14:13:28,179][INFO] any info message - [id:10][instance:6] - [COMP-8][file-13.c][function-3][ln:677]
[2018-11-01 14:13:28,816][DEBUG] any debug message - [id:10][instance:7] - [COMP-9][file-10.c][function-9][ln:99]
[2018-11-01 14:13:29,680][INFO] any info message - [id:10][instance:4] - [COMP-2][file-10.c][function-2][ln:531]
[2018-11-01 14:13:31,181][INFO] any info message - [id:10][instance:6] - [COMP-12][file-10.c][function-11][ln:554]
[2018-11-01 14:13:32,681][INFO] any info message - [id:10][instance:2] - [COMP-10][file-3.c][function-2][ln:230]
[2018-11-01 14:13:34,183][INFO] any info message - [id:10][instance:5] - [COMP-7][file-10.c][function-1][ln:658]
[2018-11-01 14:13:35,683][INFO] any info message - [id:10][instance:3] - [COMP-3][file-3.c][function-2][ln:313]
[2018-11-01 14:13:37,183][INFO] any info message - [id:10][instance:3] - [COMP-2][file-6.c][function-12][ln:761]
[2018-11-01 14:13:38,683][INFO] any info message - [id:10][instance:1] - [COMP-6][file-10.c][function-9][ln:35]
[2018-11-01 14:13:40,183][INFO] any info message - [id:10][instance:5] - [COMP-9][file-13.c][function-10][ln:16]
[2018-11-01 14:13:41,685][INFO] any info message - [id:10][instance:5] - [COMP-5][file-7.c][function-4][ln:171]
[2018-11-01 14:13:43,186][INFO] any info message - [id:10][instance:1] - [COMP-6][file-6.c][function-5][ln:45]
[2018-11-01 14:13:43,681][WARNING] Here is a warning message - [id:10][instance:2] - [COMP-9][file-4.c][function-9][ln:165]
[2018-11-01 14:13:43,816][DEBUG] any debug message - [id:10][instance:2] - [COMP-13][file-8.c][function-13][ln:833]
[2018-11-01 14:13:44,686][INFO] any info message - [id:10][instance:7] - [COMP-7][file-10.c][function-12][ln:268]
[2018-11-01 14:13:46,187][INFO] any info message - [id:10][instance:2] - [COMP-8][file-13.c][function-6][ln:650]
[2018-11-01 14:13:47,688][INFO] any info message - [id:10][instance:6] - [COMP-12][file-10.c][function-11][ln:635]
[2018-11-01 14:13:49,188][INFO] any info message - [id:10][instance:5] - [COMP-8][file-6.c][function-5][ln:711]
[2018-11-01 14:13:50,689][INFO] any info message - [id:10][instance:6] - [COMP-6][file-12.c][function-4][ln:84]
[2018-11-01 14:13:52,189][INFO] any info message - [id:10][instance:6] - [COMP-1][file-7.c][function-12][ln:453]
[2018-11-01 14:13:53,689][INFO] any info message - [id:10][instance:4] - [COMP-13][file-12.c][function-4][ln:440]
[2018-11-01 14:13:55,191][INFO] any info message - [id:10][instance:5] - [COMP-8][file-8.c][function-8][ln:373]
[2018-11-01 14:13:56,692][INFO] any info message - [id:10][instance:7] - [COMP-3][file-9.c][function-7][ln:962]
[2018-11-01 14:13:58,193][INFO] any info message - [id:10][instance:1] - [COMP-6][file-13.c][function-10][ln:594]
[2018-11-01 14:13:58,818][DEBUG] any debug message - [id:10][instance:4] - [COMP-2][file-13.c][function-6][ln:522]
[2018-11-01 14:13:59,693][INFO] any info message - [id:10][instance:6] - [COMP-11][file-8.c][function-9][ln:269]
[2018-11-01 14:14:01,194][INFO] any info message - [id:10][instance:3] - [COMP-7][file-10.c][function-1][ln:279]
[2018-11-01 14:14:02,694][INFO] any info message - [id:10][instance:6] - [COMP-11][file-12.c][function-12][ln:741]
[2018-11-01 14:14:04,195][INFO] any info message - [id:10][instance:7] - [COMP-12][file-2.c][function-9][ln:847]
[2018-11-01 14:14:05,695][INFO] any info message - [id:10][instance:6] - [COMP-1][file-9.c][function-2][ln:962]
[2018-11-01 14:14:07,196][INFO] any info message - [id:10][instance:4] - [COMP-6][file-5.c][function-11][ln:996]
[2018-11-01 14:14:08,697][INFO] any info message - [id:10][instance:3] - [COMP-12][file-1.c][function-13][ln:853]
[2018-11-01 14:14:10,197][INFO] any info message - [id:10][instance:2] - [COMP-12][file-12.c][function-4][ln:258]
[2018-11-01 14:14:11,697][INFO] any info message - [id:10][instance:7] - [COMP-4][file-12.c][function-11][ln:592]
[2018-11-01 14:14:13,199][INFO] any info message - [id:10][instance:1] - [COMP-13][file-4.c][function-7][ln:272]
[2018-11-01 14:14:13,594][ERROR] It is an error message - [id:10][instance:1] - [COMP-8][file-7.c][function-2][ln:920]
[2018-11-01 14:14:13,600][CRITICAL] ATTENTION: This is a critical issue! - [id:10][instance:6] - [COMP-12][file-1.c][function-11][ln:870]
[2018-11-01 14:14:13,681][WARNING] Here is a warning message - [id:10][instance:3] - [COMP-10][file-13.c][function-10][ln:354]
[2018-11-01 14:14:13,818][DEBUG] any debug message - [id:10][instance:1] - [COMP-11][file-9.c][function-5][ln:237]
[2018-11-01 14:14:14,699][INFO] any info message - [id:10][instance:1] - [COMP-6][file-12.c][function-11][ln:72]
[2018-11-01 14:14:16,199][INFO] any info message - [id:10][instance:6] - [COMP-6][file-1.c][function-8][ln:808]
[2018-11-01 14:14:17,699][INFO] any info message - [id:10][instance:2] - [COMP-8][file-8.c][function-5][ln:730]
[2018-11-01 14:14:19,201][INFO] any info message - [id:10][instance:4] - [COMP-2][file-2.c][function-5][ln:798]
[2018-11-01 14:14:20,702][INFO] any info message - [id:10][instance:5] - [COMP-9][file-5.c][function-5][ln:211]
[2018-11-01 14:14:22,202][INFO] any info message - [id:10][instance:5] - [COMP-5][file-3.c][function-4][ln:617]
[2018-11-01 14:14:23,703][INFO] any info message - [id:10][instance:1] - [COMP-10][file-5.c][function-10][ln:857]
[2018-11-01 14:14:25,204][INFO] any info message - [id:10][instance:7] - [COMP-11][file-4.c][function-9][ln:115]
[2018-11-01 14:14:26,704][INFO] any info message - [id:10][instance:1] - [COMP-6][file-4.c][function-13][ln:16]
[2018-11-01 14:14:28,204][INFO] any info message - [id:10][instance:3] - [COMP-13][file-2.c][function-11][ln:807]
[2018-11-01 14:14:28,818][DEBUG] any debug message - [id:10][instance:7] - [COMP-2][file-1.c][function-11][ln:597]
[2018-11-01 14:14:29,705][INFO] any info message - [id:10][instance:3] - [COMP-1][file-7.c][function-3][ln:600]
[2018-11-01 14:14:31,206][INFO] any info message - [id:10][instance:2] - [COMP-6][file-7.c][function-13][ln:946]
[2018-11-01 14:14:32,707][INFO] any info message - [id:10][instance:4] - [COMP-12][file-1.c][function-9][ln:886]
[2018-11-01 14:14:34,208][INFO] any info message - [id:10][instance:7] - [COMP-8][file-10.c][function-9][ln:614]
[2018-11-01 14:14:35,708][INFO] any info message - [id:10][instance:7] - [COMP-6][file-1.c][function-12][ln:219]
[2018-11-01 14:14:37,209][INFO] any info message - [id:10][instance:5] - [COMP-3][file-5.c][function-1][ln:192]
[2018-11-01 14:14:38,709][INFO] any info message - [id:10][instance:4] - [COMP-12][file-11.c][function-1][ln:300]
[2018-11-01 14:14:40,209][INFO] any info message - [id:10][instance:5] - [COMP-1][file-10.c][function-13][ln:912]
[2018-11-01 14:14:41,710][INFO] any info message - [id:10][instance:2] - [COMP-4][file-4.c][function-13][ln:267]
[2018-11-01 14:14:43,211][INFO] any info message - [id:10][instance:4] - [COMP-6][file-7.c][function-7][ln:531]
[2018-11-01 14:14:43,681][WARNING] Here is a warning message - [id:10][instance:2] - [COMP-11][file-11.c][function-3][ln:416]
[2018-11-01 14:14:43,818][DEBUG] any debug message - [id:10][instance:4] - [COMP-5][file-1.c][function-11][ln:377]
[2018-11-01 14:14:44,711][INFO] any info message - [id:10][instance:1] - [COMP-10][file-4.c][function-8][ln:79]
[2018-11-01 14:14:46,211][INFO] any info message - [id:10][instance:3] - [COMP-10][file-8.c][function-13][ln:985]
[2018-11-01 14:14:47,712][INFO] any info message - [id:10][instance:2] - [COMP-5][file-5.c][function-6][ln:217]
[2018-11-01 14:14:49,212][INFO] any info message - [id:10][instance:5] - [COMP-1][file-13.c][function-10][ln:288]
[2018-11-01 14:14:50,712][INFO] any info message - [id:10][instance:2] - [COMP-4][file-2.c][function-5][ln:728]
[2018-11-01 14:14:52,213][INFO] any info message - [id:10][instance:3] - [COMP-10][file-13.c][function-5][ln:998]
[2018-11-01 14:14:53,713][INFO] any info message - [id:10][instance:4] - [COMP-1][file-12.c][function-6][ln:937]
[2018-11-01 14:14:55,214][INFO] any info message - [id:10][instance:5] - [COMP-12][file-11.c][function-11][ln:235]
[2018-11-01 14:14:56,715][INFO] any info message - [id:10][instance:7] - [COMP-10][file-2.c][function-8][ln:705]
[2018-11-01 14:14:58,215][INFO] any info message - [id:10][instance:2] - [COMP-1][file-12.c][function-11][ln:857]
[2018-11-01 14:14:58,819][DEBUG] any debug message - [id:10][instance:6] - [COMP-4][file-2.c][function-2][ln:40]
[2018-11-01 14:14:59,716][INFO] any info message - [id:10][instance:6] - [COMP-1][file-10.c][function-6][ln:919]
[2018-11-01 14:15:01,216][INFO] any info message - [id:10][instance:1] - [COMP-2][file-7.c][function-6][ln:908]
[2018-11-01 14:15:02,717][INFO] any info message - [id:10][instance:3] - [COMP-13][file-12.c][function-4][ln:922]
[2018-11-01 14:15:04,217][INFO] any info message - [id:10][instance:1] - [COMP-4][file-8.c][function-1][ln:519]
[2018-11-01 14:15:05,718][INFO] any info message - [id:10][instance:5] - [COMP-10][file-4.c][function-7][ln:609]
[2018-11-01 14:15:07,218][INFO] any info message - [id:10][instance:2] - [COMP-3][file-8.c][function-2][ln:713]
[2018-11-01 14:15:08,719][INFO] any info message - [id:10][instance:1] - [COMP-3][file-9.c][function-2][ln:154]
[2018-11-01 14:15:10,220][INFO] any info message - [id:10][instance:4] - [COMP-11][file-12.c][function-10][ln:713]
[2018-11-01 14:15:11,721][INFO] any info message - [id:10][instance:5] - [COMP-1][file-12.c][function-12][ln:307]
[2018-11-01 14:15:13,222][INFO] any info message - [id:10][instance:5] - [COMP-5][file-12.c][function-9][ln:269]
[2018-11-01 14:15:13,596][ERROR] It is an error message - [id:10][instance:7] - [COMP-7][file-13.c][function-5][ln:401]
[2018-11-01 14:15:13,682][WARNING] Here is a warning message - [id:10][instance:4] - [COMP-12][file-3.c][function-11][ln:509]
[2018-11-01 14:15:13,819][DEBUG] any debug message - [id:10][instance:7] - [COMP-12][file-11.c][function-3][ln:474]
[2018-11-01 14:15:14,722][INFO] any info message - [id:10][instance:4] - [COMP-12][file-9.c][function-12][ln:456]
[2018-11-01 14:15:16,222][INFO] any info message - [id:10][instance:2] - [COMP-2][file-12.c][function-5][ln:802]
[2018-11-01 14:15:17,722][INFO] any info message - [id:10][instance:4] - [COMP-8][file-5.c][function-12][ln:983]
[2018-11-01 14:15:19,222][INFO] any info message - [id:10][instance:7] - [COMP-5][file-8.c][function-11][ln:79]
[2018-11-01 14:15:20,723][INFO] any info message - [id:10][instance:7] - [COMP-5][file-10.c][function-6][ln:917]
[2018-11-01 14:15:22,224][INFO] any info message - [id:10][instance:6] - [COMP-2][file-8.c][function-6][ln:602]
[2018-11-01 14:15:23,724][INFO] any info message - [id:10][instance:7] - [COMP-11][file-13.c][function-1][ln:352]
[2018-11-01 14:15:25,226][INFO] any info message - [id:10][instance:7] - [COMP-1][file-11.c][function-7][ln:29]
[2018-11-01 14:15:26,725][INFO] any info message - [id:10][instance:1] - [COMP-7][file-10.c][function-5][ln:775]
[2018-11-01 14:15:28,227][INFO] any info message - [id:10][instance:2] - [COMP-4][file-10.c][function-6][ln:383]
[2018-11-01 14:15:28,820][DEBUG] any debug message - [id:10][instance:4] - [COMP-7][file-10.c][function-12][ln:947]
[2018-11-01 14:15:29,727][INFO] any info message - [id:10][instance:2] - [COMP-13][file-13.c][function-1][ln:820]
[2018-11-01 14:15:31,227][INFO] any info message - [id:10][instance:7] - [COMP-5][file-12.c][function-12][ln:262]
[2018-11-01 14:15:32,729][INFO] any info message - [id:10][instance:5] - [COMP-1][file-12.c][function-4][ln:958]
[2018-11-01 14:15:34,229][INFO] any info message - [id:10][instance:7] - [COMP-9][file-11.c][function-4][ln:960]
[2018-11-01 14:15:35,729][INFO] any info message - [id:10][instance:5] - [COMP-3][file-10.c][function-3][ln:403]
[2018-11-01 14:15:37,230][INFO] any info message - [id:10][instance:1] - [COMP-1][file-3.c][function-7][ln:701]
[2018-11-01 14:15:38,731][INFO] any info message - [id:10][instance:3] - [COMP-3][file-11.c][function-13][ln:342]
[2018-11-01 14:15:40,232][INFO] any info message - [id:10][instance:2] - [COMP-2][file-10.c][function-7][ln:923]
[2018-11-01 14:15:41,733][INFO] any info message - [id:10][instance:6] - [COMP-9][file-10.c][function-5][ln:298]
[2018-11-01 14:15:43,234][INFO] any info message - [id:10][instance:5] - [COMP-4][file-10.c][function-10][ln:310]
[2018-11-01 14:15:43,682][WARNING] Here is a warning message - [id:10][instance:6] - [COMP-2][file-1.c][function-7][ln:411]
[2018-11-01 14:15:43,821][DEBUG] any debug message - [id:10][instance:7] - [COMP-11][file-6.c][function-2][ln:401]
[2018-11-01 14:15:44,735][INFO] any info message - [id:10][instance:5] - [COMP-4][file-8.c][function-11][ln:858]
[2018-11-01 14:15:46,236][INFO] any info message - [id:10][instance:2] - [COMP-2][file-3.c][function-4][ln:31]
[2018-11-01 14:15:47,737][INFO] any info message - [id:10][instance:7] - [COMP-5][file-11.c][function-13][ln:202]
[2018-11-01 14:15:49,238][INFO] any info message - [id:10][instance:4] - [COMP-13][file-7.c][function-8][ln:498]
[2018-11-01 14:15:50,738][INFO] any info message - [id:10][instance:4] - [COMP-8][file-8.c][function-5][ln:247]
[2018-11-01 14:15:52,239][INFO] any info message - [id:10][instance:1] - [COMP-6][file-7.c][function-8][ln:88]
[2018-11-01 14:15:53,741][INFO] any info message - [id:10][instance:3] - [COMP-1][file-1.c][function-5][ln:364]
[2018-11-01 14:15:55,241][INFO] any info message - [id:10][instance:6] - [COMP-6][file-1.c][function-3][ln:304]
[2018-11-01 14:15:56,743][INFO] any info message - [id:10][instance:7] - [COMP-13][file-3.c][function-6][ln:489]
[2018-11-01 14:15:58,243][INFO] any info message - [id:10][instance:7] - [COMP-3][file-9.c][function-1][ln:562]
[2018-11-01 14:15:58,821][DEBUG] any debug message - [id:10][instance:4] - [COMP-3][file-9.c][function-1][ln:131]
[2018-11-01 14:15:59,743][INFO] any info message - [id:10][instance:5] - [COMP-2][file-7.c][function-12][ln:692]
[2018-11-01 14:16:01,244][INFO] any info message - [id:10][instance:6] - [COMP-7][file-8.c][function-8][ln:327]
[2018-11-01 14:16:02,745][INFO] any info message - [id:10][instance:6] - [COMP-12][file-1.c][function-11][ln:21]
[2018-11-01 14:16:04,245][INFO] any info message - [id:10][instance:5] - [COMP-8][file-2.c][function-12][ln:800]
[2018-11-01 14:16:05,745][INFO] any info message - [id:10][instance:5] - [COMP-9][file-10.c][function-5][ln:415]
[2018-11-01 14:16:07,246][INFO] any info message - [id:10][instance:1] - [COMP-2][file-8.c][function-11][ln:983]
[2018-11-01 14:16:08,746][INFO] any info message - [id:10][instance:7] - [COMP-10][file-11.c][function-2][ln:817]
[2018-11-01 14:16:10,246][INFO] any info message - [id:10][instance:2] - [COMP-9][file-7.c][function-2][ln:32]
[2018-11-01 14:16:11,747][INFO] any info message - [id:10][instance:3] - [COMP-7][file-6.c][function-8][ln:94]
[2018-11-01 14:16:13,247][INFO] any info message - [id:10][instance:2] - [COMP-8][file-10.c][function-9][ln:94]
[2018-11-01 14:16:13,596][ERROR] It is an error message - [id:10][instance:3] - [COMP-13][file-9.c][function-13][ln:363]
[2018-11-01 14:16:13,600][CRITICAL] ATTENTION: This is a critical issue! - [id:10][instance:4] - [COMP-7][file-11.c][function-13][ln:851]
[2018-11-01 14:16:13,683][WARNING] Here is a warning message - [id:10][instance:5] - [COMP-13][file-3.c][function-12][ln:805]
[2018-11-01 14:16:13,822][DEBUG] any debug message - [id:10][instance:2] - [COMP-12][file-5.c][function-6][ln:689]
[2018-11-01 14:16:14,748][INFO] any info message - [id:10][instance:7] - [COMP-2][file-6.c][function-11][ln:90]
[2018-11-01 14:16:16,249][INFO] any info message - [id:10][instance:1] - [COMP-8][file-11.c][function-8][ln:504]
[2018-11-01 14:16:17,749][INFO] any info message - [id:10][instance:6] - [COMP-13][file-1.c][function-11][ln:648]
[2018-11-01 14:16:19,249][INFO] any info message - [id:10][instance:5] - [COMP-1][file-3.c][function-7][ln:930]
[2018-11-01 14:16:20,750][INFO] any info message - [id:10][instance:2] - [COMP-6][file-3.c][function-11][ln:188]
[2018-11-01 14:16:22,251][INFO] any info message - [id:10][instance:6] - [COMP-3][file-6.c][function-10][ln:435]
[2018-11-01 14:16:23,752][INFO] any info message - [id:10][instance:6] - [COMP-12][file-12.c][function-1][ln:407]
[2018-11-01 14:16:25,253][INFO] any info message - [id:10][instance:3] - [COMP-5][file-13.c][function-10][ln:718]
[2018-11-01 14:16:26,754][INFO] any info message - [id:10][instance:3] - [COMP-9][file-7.c][function-6][ln:107]
[2018-11-01 14:16:28,254][INFO] any info message - [id:10][instance:6] - [COMP-8][file-7.c][function-13][ln:936]
[2018-11-01 14:16:28,822][DEBUG] any debug message - [id:10][instance:1] - [COMP-4][file-1.c][function-12][ln:548]
[2018-11-01 14:16:29,755][INFO] any info message - [id:10][instance:7] - [COMP-7][file-4.c][function-11][ln:62]
[2018-11-01 14:16:31,256][INFO] any info message - [id:10][instance:2] - [COMP-10][file-6.c][function-2][ln:870]
[2018-11-01 14:16:32,757][INFO] any info message - [id:10][instance:6] - [COMP-13][file-3.c][function-6][ln:330]
[2018-11-01 14:16:34,258][INFO] any info message - [id:10][instance:1] - [COMP-5][file-1.c][function-11][ln:7]
[2018-11-01 14:16:35,758][INFO] any info message - [id:10][instance:1] - [COMP-3][file-5.c][function-8][ln:402]
[2018-11-01 14:16:37,259][INFO] any info message - [id:10][instance:2] - [COMP-11][file-1.c][function-10][ln:827]
[2018-11-01 14:16:38,760][INFO] any info message - [id:10][instance:5] - [COMP-6][file-10.c][function-13][ln:115]
[2018-11-01 14:16:40,260][INFO] any info message - [id:10][instance:2] - [COMP-9][file-8.c][function-10][ln:413]
[2018-11-01 14:16:41,761][INFO] any info message - [id:10][instance:5] - [COMP-9][file-3.c][function-10][ln:779]
[2018-11-01 14:16:43,262][INFO] any info message - [id:10][instance:3] - [COMP-4][file-7.c][function-3][ln:172]
[2018-11-01 14:16:43,683][WARNING] Here is a warning message - [id:10][instance:5] - [COMP-3][file-7.c][function-10][ln:431]
[2018-11-01 14:16:43,823][DEBUG] any debug message - [id:10][instance:3] - [COMP-4][file-3.c][function-7][ln:590]
[2018-11-01 14:16:44,763][INFO] any info message - [id:10][instance:4] - [COMP-7][file-8.c][function-11][ln:503]
[2018-11-01 14:16:46,263][INFO] any info message - [id:10][instance:2] - [COMP-2][file-3.c][function-11][ln:99]
[2018-11-01 14:16:47,763][INFO] any info message - [id:10][instance:4] - [COMP-10][file-4.c][function-4][ln:319]
[2018-11-01 14:16:49,264][INFO] any info message - [id:10][instance:7] - [COMP-2][file-13.c][function-10][ln:464]
[2018-11-01 14:16:50,766][INFO] any info message - [id:10][instance:6] - [COMP-10][file-4.c][function-1][ln:696]
[2018-11-01 14:16:52,266][INFO] any info message - [id:10][instance:5] - [COMP-13][file-11.c][function-9][ln:564]
[2018-11-01 14:16:53,767][INFO] any info message - [id:10][instance:3] - [COMP-2][file-8.c][function-13][ln:600]
[2018-11-01 14:16:55,267][INFO] any info message - [id:10][instance:7] - [COMP-8][file-11.c][function-2][ln:653]
[2018-11-01 14:16:56,768][INFO] any info message - [id:10][instance:5] - [COMP-5][file-9.c][function-1][ln:208]
[2018-11-01 14:16:58,268][INFO] any info message - [id:10][instance:4] - [COMP-1][file-2.c][function-7][ln:64]
[2018-11-01 14:16:58,823][DEBUG] any debug message - [id:10][instance:3] - [COMP-5][file-5.c][function-11][ln:949]
[2018-11-01 14:16:59,769][INFO] any info message - [id:10][instance:6] - [COMP-13][file-2.c][function-8][ln:277]
[2018-11-01 14:17:01,270][INFO] any info message - [id:10][instance:2] - [COMP-9][file-7.c][function-12][ln:934]
[2018-11-01 14:17:02,771][INFO] any info message - [id:10][instance:3] - [COMP-6][file-3.c][function-9][ln:342]
[2018-11-01 14:17:04,271][INFO] any info message - [id:10][instance:3] - [COMP-6][file-1.c][function-9][ln:499]
[2018-11-01 14:17:05,772][INFO] any info message - [id:10][instance:7] - [COMP-3][file-9.c][function-6][ln:56]
[2018-11-01 14:17:07,272][INFO] any info message - [id:10][instance:7] - [COMP-4][file-12.c][function-11][ln:512]
[2018-11-01 14:17:08,772][INFO] any info message - [id:10][instance:2] - [COMP-1][file-10.c][function-3][ln:128]
[2018-11-01 14:17:10,272][INFO] any info message - [id:10][instance:6] - [COMP-2][file-13.c][function-8][ln:450]
[2018-11-01 14:17:11,773][INFO] any info message - [id:10][instance:2] - [COMP-3][file-8.c][function-6][ln:728]
[2018-11-01 14:17:13,274][INFO] any info message - [id:10][instance:7] - [COMP-10][file-10.c][function-13][ln:59]
[2018-11-01 14:17:13,597][ERROR] It is an error message - [id:10][instance:1] - [COMP-8][file-11.c][function-3][ln:829]
[2018-11-01 14:17:13,683][WARNING] Here is a warning message - [id:10][instance:1] - [COMP-8][file-10.c][function-1][ln:461]
[2018-11-01 14:17:13,824][DEBUG] any debug message - [id:10][instance:6] - [COMP-13][file-5.c][function-5][ln:92]
[2018-11-01 14:17:14,775][INFO] any info message - [id:10][instance:2] - [COMP-11][file-8.c][function-4][ln:980]
[2018-11-01 14:17:16,275][INFO] any info message - [id:10][instance:2] - [COMP-12][file-5.c][function-5][ln:854]
[2018-11-01 14:17:17,776][INFO] any info message - [id:10][instance:3] - [COMP-9][file-1.c][function-6][ln:620]
[2018-11-01 14:17:19,277][INFO] any info message - [id:10][instance:5] - [COMP-7][file-9.c][function-8][ln:220]
[2018-11-01 14:17:20,777][INFO] any info message - [id:10][instance:1] - [COMP-13][file-1.c][function-12][ln:997]
[2018-11-01 14:17:22,278][INFO] any info message - [id:10][instance:1] - [COMP-4][file-13.c][function-9][ln:992]
[2018-11-01 14:17:23,778][INFO] any info message - [id:10][instance:4] - [COMP-10][file-12.c][function-12][ln:712]
[2018-11-01 14:17:25,279][INFO] any info message - [id:10][instance:7] - [COMP-6][file-12.c][function-10][ln:951]
[2018-11-01 14:17:26,779][INFO] any info message - [id:10][instance:7] - [COMP-10][file-11.c][function-7][ln:327]
[2018-11-01 14:17:28,280][INFO] any info message - [id:10][instance:5] - [COMP-9][file-2.c][function-11][ln:939]
[2018-11-01 14:17:28,825][DEBUG] any debug message - [id:10][instance:2] - [COMP-6][file-4.c][function-11][ln:896]
[2018-11-01 14:17:29,781][INFO] any info message - [id:10][instance:7] - [COMP-12][file-1.c][function-11][ln:746]
[2018-11-01 14:17:31,281][INFO] any info message - [id:10][instance:5] - [COMP-11][file-3.c][function-5][ln:24]
[2018-11-01 14:17:32,782][INFO] any info message - [id:10][instance:4] - [COMP-11][file-2.c][function-5][ln:194]
[2018-11-01 14:17:34,283][INFO] any info message - [id:10][instance:3] - [COMP-8][file-1.c][function-9][ln:99]
[2018-11-01 14:17:35,784][INFO] any info message - [id:10][instance:1] - [COMP-12][file-8.c][function-5][ln:319]
[2018-11-01 14:17:37,284][INFO] any info message - [id:10][instance:2] - [COMP-5][file-6.c][function-2][ln:398]
[2018-11-01 14:17:38,784][INFO] any info message - [id:10][instance:6] - [COMP-6][file-13.c][function-10][ln:516]
[2018-11-01 14:17:40,285][INFO] any info message - [id:10][instance:3] - [COMP-12][file-10.c][function-8][ln:97]
[2018-11-01 14:17:41,785][INFO] any info message - [id:10][instance:2] - [COMP-2][file-6.c][function-11][ln:261]
[2018-11-01 14:17:43,286][INFO] any info message - [id:10][instance:2] - [COMP-5][file-11.c][function-8][ln:244]
[2018-11-01 14:17:43,684][WARNING] Here is a warning message - [id:10][instance:2] - [COMP-11][file-2.c][function-13][ln:526]
[2018-11-01 14:17:43,827][DEBUG] any debug message - [id:10][instance:1] - [COMP-2][file-1.c][function-1][ln:112]
[2018-11-01 14:17:44,787][INFO] any info message - [id:10][instance:2] - [COMP-3][file-12.c][function-11][ln:381]
[2018-11-01 14:17:46,287][INFO] any info message - [id:10][instance:1] - [COMP-7][file-3.c][function-9][ln:551]
[2018-11-01 14:17:47,787][INFO] any info message - [id:10][instance:3] - [COMP-9][file-7.c][function-9][ln:747]
[2018-11-01 14:17:49,288][INFO] any info message - [id:10][instance:4] - [COMP-8][file-8.c][function-7][ln:789]
[2018-11-01 14:17:50,788][INFO] any info message - [id:10][instance:4] - [COMP-2][file-13.c][function-1][ln:417]
[2018-11-01 14:17:52,289][INFO] any info message - [id:10][instance:7] - [COMP-6][file-7.c][function-6][ln:399]
[2018-11-01 14:17:53,789][INFO] any info message - [id:10][instance:2] - [COMP-13][file-12.c][function-2][ln:802]
[2018-11-01 14:17:55,290][INFO] any info message - [id:10][instance:4] - [COMP-7][file-1.c][function-12][ln:996]
[2018-11-01 14:17:56,790][INFO] any info message - [id:10][instance:3] - [COMP-1][file-2.c][function-10][ln:771]
[2018-11-01 14:17:58,290][INFO] any info message - [id:10][instance:7] - [COMP-12][file-7.c][function-11][ln:409]
[2018-11-01 14:17:58,829][DEBUG] any debug message - [id:10][instance:1] - [COMP-7][file-8.c][function-6][ln:474]
[2018-11-01 14:17:59,790][INFO] any info message - [id:10][instance:4] - [COMP-1][file-5.c][function-12][ln:366]
[2018-11-01 14:18:01,292][INFO] any info message - [id:10][instance:7] - [COMP-3][file-11.c][function-11][ln:106]
[2018-11-01 14:18:02,792][INFO] any info message - [id:10][instance:5] - [COMP-3][file-2.c][function-4][ln:524]
[2018-11-01 14:18:04,292][INFO] any info message - [id:10][instance:1] - [COMP-12][file-1.c][function-6][ln:280]
[2018-11-01 14:18:05,794][INFO] any info message - [id:10][instance:1] - [COMP-11][file-13.c][function-9][ln:856]
[2018-11-01 14:18:07,294][INFO] any info message - [id:10][instance:7] - [COMP-5][file-5.c][function-9][ln:188]
[2018-11-01 14:18:08,795][INFO] any info message - [id:10][instance:5] - [COMP-7][file-1.c][function-1][ln:158]
[2018-11-01 14:18:10,296][INFO] any info message - [id:10][instance:1] - [COMP-12][file-8.c][function-5][ln:156]
[2018-11-01 14:18:11,796][INFO] any info message - [id:10][instance:6] - [COMP-13][file-11.c][function-5][ln:824]
[2018-11-01 14:18:13,297][INFO] any info message - [id:10][instance:7] - [COMP-1][file-9.c][function-13][ln:609]
[2018-11-01 14:18:13,597][ERROR] It is an error message - [id:10][instance:4] - [COMP-4][file-3.c][function-8][ln:313]
[2018-11-01 14:18:13,600][CRITICAL] ATTENTION: This is a critical issue! - [id:10][instance:3] - [COMP-6][file-4.c][function-4][ln:611]